{"/Users/markvolkov/Desktop/dev/FullStack/stellar-burgers/src/services/slices/burgerConstructorSlice.ts": {"path":"/Users/markvolkov/Desktop/dev/FullStack/stellar-burgers/src/services/slices/burgerConstructorSlice.ts","statementMap":{"0":{"start":{"line":1,"column":0},"end":{"line":1,"column":80}},"1":{"start":{"line":2,"column":0},"end":{"line":2,"column":53}},"2":{"start":{"line":4,"column":0},"end":{"line":4,"column":36}},"3":{"start":{"line":6,"column":13},"end":{"line":9,"column":2}},"4":{"start":{"line":8,"column":29},"end":{"line":8,"column":null}},"5":{"start":{"line":18,"column":40},"end":{"line":23,"column":2}},"6":{"start":{"line":25,"column":31},"end":{"line":78,"column":2}},"7":{"start":{"line":31,"column":27},"end":{"line":31,"column":41}},"8":{"start":{"line":32,"column":8},"end":{"line":36,"column":9}},"9":{"start":{"line":33,"column":10},"end":{"line":33,"column":33}},"10":{"start":{"line":35,"column":10},"end":{"line":35,"column":45}},"11":{"start":{"line":38,"column":44},"end":{"line":40,"column":null}},"12":{"start":{"line":43,"column":6},"end":{"line":45,"column":8}},"13":{"start":{"line":44,"column":18},"end":{"line":44,"column":null}},"14":{"start":{"line":51,"column":35},"end":{"line":51,"column":49}},"15":{"start":{"line":51,"column":19},"end":{"line":51,"column":21}},"16":{"start":{"line":51,"column":30},"end":{"line":51,"column":35}},"17":{"start":{"line":52,"column":23},"end":{"line":52,"column":65}},"18":{"start":{"line":53,"column":6},"end":{"line":53,"column":71}},"19":{"start":{"line":53,"column":64},"end":{"line":53,"column":71}},"20":{"start":{"line":54,"column":17},"end":{"line":54,"column":42}},"21":{"start":{"line":55,"column":6},"end":{"line":55,"column":40}},"22":{"start":{"line":56,"column":6},"end":{"line":56,"column":32}},"23":{"start":{"line":59,"column":6},"end":{"line":59,"column":34}},"24":{"start":{"line":60,"column":6},"end":{"line":60,"column":33}},"25":{"start":{"line":64,"column":4},"end":{"line":76,"column":9}},"26":{"start":{"line":66,"column":8},"end":{"line":66,"column":34}},"27":{"start":{"line":69,"column":8},"end":{"line":69,"column":35}},"28":{"start":{"line":70,"column":8},"end":{"line":70,"column":52}},"29":{"start":{"line":71,"column":8},"end":{"line":71,"column":25}},"30":{"start":{"line":72,"column":8},"end":{"line":72,"column":31}},"31":{"start":{"line":75,"column":8},"end":{"line":75,"column":35}},"32":{"start":{"line":81,"column":2},"end":{"line":84,"column":null}},"33":{"start":{"line":87,"column":0},"end":{"line":87,"column":46}}},"fnMap":{"0":{"name":"(anonymous_3)","decl":{"start":{"line":8,"column":2},"end":{"line":8,"column":3}},"loc":{"start":{"line":8,"column":24},"end":{"line":8,"column":43}}},"1":{"name":"(anonymous_4)","decl":{"start":{"line":30,"column":15},"end":{"line":30,"column":16}},"loc":{"start":{"line":30,"column":68},"end":{"line":37,"column":7}}},"2":{"name":"(anonymous_5)","decl":{"start":{"line":38,"column":15},"end":{"line":38,"column":16}},"loc":{"start":{"line":38,"column":39},"end":{"line":38,"column":45}}},"3":{"name":"(anonymous_6)","decl":{"start":{"line":42,"column":22},"end":{"line":42,"column":23}},"loc":{"start":{"line":42,"column":59},"end":{"line":46,"column":5}}},"4":{"name":"(anonymous_7)","decl":{"start":{"line":44,"column":8},"end":{"line":44,"column":9}},"loc":{"start":{"line":44,"column":13},"end":{"line":44,"column":22}}},"5":{"name":"(anonymous_8)","decl":{"start":{"line":47,"column":20},"end":{"line":47,"column":null}},"loc":{"start":{"line":49,"column":72},"end":{"line":57,"column":5}}},"6":{"name":"(anonymous_9)","decl":{"start":{"line":58,"column":21},"end":{"line":58,"column":22}},"loc":{"start":{"line":58,"column":27},"end":{"line":61,"column":5}}},"7":{"name":"(anonymous_10)","decl":{"start":{"line":63,"column":17},"end":{"line":63,"column":18}},"loc":{"start":{"line":63,"column":25},"end":{"line":77,"column":3}}},"8":{"name":"(anonymous_11)","decl":{"start":{"line":65,"column":36},"end":{"line":65,"column":37}},"loc":{"start":{"line":65,"column":42},"end":{"line":67,"column":7}}},"9":{"name":"(anonymous_12)","decl":{"start":{"line":68,"column":38},"end":{"line":68,"column":39}},"loc":{"start":{"line":68,"column":52},"end":{"line":73,"column":7}}},"10":{"name":"(anonymous_13)","decl":{"start":{"line":74,"column":37},"end":{"line":74,"column":38}},"loc":{"start":{"line":74,"column":43},"end":{"line":76,"column":7}}}},"branchMap":{"0":{"loc":{"start":{"line":32,"column":8},"end":{"line":36,"column":9}},"type":"if","locations":[{"start":{"line":32,"column":8},"end":{"line":36,"column":9}},{"start":{"line":34,"column":15},"end":{"line":36,"column":9}}]},"1":{"loc":{"start":{"line":52,"column":23},"end":{"line":52,"column":65}},"type":"cond-expr","locations":[{"start":{"line":52,"column":44},"end":{"line":52,"column":53}},{"start":{"line":52,"column":56},"end":{"line":52,"column":65}}]},"2":{"loc":{"start":{"line":53,"column":6},"end":{"line":53,"column":71}},"type":"if","locations":[{"start":{"line":53,"column":6},"end":{"line":53,"column":71}}]},"3":{"loc":{"start":{"line":53,"column":10},"end":{"line":53,"column":62}},"type":"binary-expr","locations":[{"start":{"line":53,"column":10},"end":{"line":53,"column":22}},{"start":{"line":53,"column":26},"end":{"line":53,"column":62}}]}},"s":{"0":1,"1":1,"2":1,"3":1,"4":0,"5":1,"6":1,"7":2,"8":2,"9":1,"10":1,"11":2,"12":1,"13":1,"14":1,"15":1,"16":1,"17":1,"18":1,"19":0,"20":1,"21":1,"22":1,"23":1,"24":1,"25":1,"26":1,"27":1,"28":1,"29":1,"30":1,"31":1,"32":1,"33":1},"f":{"0":0,"1":2,"2":2,"3":1,"4":1,"5":1,"6":1,"7":1,"8":1,"9":1,"10":1},"b":{"0":[1,1],"1":[1,0],"2":[0],"3":[1,1]}}
,"/Users/markvolkov/Desktop/dev/FullStack/stellar-burgers/src/services/slices/feedSlice.ts": {"path":"/Users/markvolkov/Desktop/dev/FullStack/stellar-burgers/src/services/slices/feedSlice.ts","statementMap":{"0":{"start":{"line":1,"column":0},"end":{"line":1,"column":65}},"1":{"start":{"line":2,"column":0},"end":{"line":2,"column":35}},"2":{"start":{"line":5,"column":13},"end":{"line":5,"column":75}},"3":{"start":{"line":12,"column":33},"end":{"line":18,"column":2}},"4":{"start":{"line":20,"column":18},"end":{"line":41,"column":2}},"5":{"start":{"line":25,"column":4},"end":{"line":39,"column":9}},"6":{"start":{"line":27,"column":8},"end":{"line":27,"column":31}},"7":{"start":{"line":28,"column":8},"end":{"line":28,"column":27}},"8":{"start":{"line":31,"column":8},"end":{"line":31,"column":32}},"9":{"start":{"line":32,"column":8},"end":{"line":32,"column":45}},"10":{"start":{"line":33,"column":8},"end":{"line":33,"column":43}},"11":{"start":{"line":34,"column":8},"end":{"line":34,"column":53}},"12":{"start":{"line":37,"column":8},"end":{"line":37,"column":32}},"13":{"start":{"line":38,"column":8},"end":{"line":38,"column":70}},"14":{"start":{"line":43,"column":0},"end":{"line":43,"column":33}}},"fnMap":{"0":{"name":"(anonymous_0)","decl":{"start":{"line":24,"column":17},"end":{"line":24,"column":18}},"loc":{"start":{"line":24,"column":25},"end":{"line":40,"column":3}}},"1":{"name":"(anonymous_1)","decl":{"start":{"line":26,"column":35},"end":{"line":26,"column":36}},"loc":{"start":{"line":26,"column":41},"end":{"line":29,"column":7}}},"2":{"name":"(anonymous_2)","decl":{"start":{"line":30,"column":37},"end":{"line":30,"column":38}},"loc":{"start":{"line":30,"column":51},"end":{"line":35,"column":7}}},"3":{"name":"(anonymous_3)","decl":{"start":{"line":36,"column":36},"end":{"line":36,"column":37}},"loc":{"start":{"line":36,"column":50},"end":{"line":39,"column":7}}}},"branchMap":{"0":{"loc":{"start":{"line":38,"column":22},"end":{"line":38,"column":69}},"type":"binary-expr","locations":[{"start":{"line":38,"column":22},"end":{"line":38,"column":42}},{"start":{"line":38,"column":46},"end":{"line":38,"column":69}}]}},"s":{"0":0,"1":0,"2":0,"3":0,"4":0,"5":0,"6":0,"7":0,"8":0,"9":0,"10":0,"11":0,"12":0,"13":0,"14":0},"f":{"0":0,"1":0,"2":0,"3":0},"b":{"0":[0,0]}}
,"/Users/markvolkov/Desktop/dev/FullStack/stellar-burgers/src/services/slices/ingredientsSlice.ts": {"path":"/Users/markvolkov/Desktop/dev/FullStack/stellar-burgers/src/services/slices/ingredientsSlice.ts","statementMap":{"0":{"start":{"line":1,"column":0},"end":{"line":1,"column":65}},"1":{"start":{"line":2,"column":0},"end":{"line":2,"column":41}},"2":{"start":{"line":5,"column":13},"end":{"line":8,"column":2}},"3":{"start":{"line":16,"column":40},"end":{"line":20,"column":2}},"4":{"start":{"line":22,"column":25},"end":{"line":41,"column":2}},"5":{"start":{"line":27,"column":4},"end":{"line":39,"column":9}},"6":{"start":{"line":29,"column":8},"end":{"line":29,"column":31}},"7":{"start":{"line":30,"column":8},"end":{"line":30,"column":27}},"8":{"start":{"line":33,"column":8},"end":{"line":33,"column":32}},"9":{"start":{"line":34,"column":8},"end":{"line":34,"column":43}},"10":{"start":{"line":37,"column":8},"end":{"line":37,"column":32}},"11":{"start":{"line":38,"column":8},"end":{"line":38,"column":77}},"12":{"start":{"line":43,"column":0},"end":{"line":43,"column":40}}},"fnMap":{"0":{"name":"(anonymous_0)","decl":{"start":{"line":26,"column":17},"end":{"line":26,"column":18}},"loc":{"start":{"line":26,"column":25},"end":{"line":40,"column":3}}},"1":{"name":"(anonymous_1)","decl":{"start":{"line":28,"column":41},"end":{"line":28,"column":42}},"loc":{"start":{"line":28,"column":47},"end":{"line":31,"column":7}}},"2":{"name":"(anonymous_2)","decl":{"start":{"line":32,"column":43},"end":{"line":32,"column":44}},"loc":{"start":{"line":32,"column":57},"end":{"line":35,"column":7}}},"3":{"name":"(anonymous_3)","decl":{"start":{"line":36,"column":42},"end":{"line":36,"column":43}},"loc":{"start":{"line":36,"column":56},"end":{"line":39,"column":7}}}},"branchMap":{"0":{"loc":{"start":{"line":38,"column":22},"end":{"line":38,"column":76}},"type":"binary-expr","locations":[{"start":{"line":38,"column":22},"end":{"line":38,"column":42}},{"start":{"line":38,"column":46},"end":{"line":38,"column":76}}]}},"s":{"0":1,"1":1,"2":1,"3":1,"4":1,"5":1,"6":1,"7":1,"8":1,"9":1,"10":1,"11":1,"12":1},"f":{"0":1,"1":1,"2":1,"3":1},"b":{"0":[1,0]}}
,"/Users/markvolkov/Desktop/dev/FullStack/stellar-burgers/src/services/slices/orderDetailsSlice.ts": {"path":"/Users/markvolkov/Desktop/dev/FullStack/stellar-burgers/src/services/slices/orderDetailsSlice.ts","statementMap":{"0":{"start":{"line":1,"column":0},"end":{"line":1,"column":65}},"1":{"start":{"line":2,"column":0},"end":{"line":2,"column":43}},"2":{"start":{"line":5,"column":13},"end":{"line":12,"column":2}},"3":{"start":{"line":7,"column":23},"end":{"line":11,"column":null}},"4":{"start":{"line":8,"column":17},"end":{"line":8,"column":null}},"5":{"start":{"line":8,"column":10},"end":{"line":8,"column":null}},"6":{"start":{"line":9,"column":4},"end":{"line":9,"column":44}},"7":{"start":{"line":9,"column":22},"end":{"line":9,"column":44}},"8":{"start":{"line":10,"column":4},"end":{"line":10,"column":32}},"9":{"start":{"line":20,"column":41},"end":{"line":24,"column":2}},"10":{"start":{"line":26,"column":26},"end":{"line":50,"column":2}},"11":{"start":{"line":31,"column":6},"end":{"line":31,"column":25}},"12":{"start":{"line":32,"column":6},"end":{"line":32,"column":25}},"13":{"start":{"line":36,"column":4},"end":{"line":48,"column":9}},"14":{"start":{"line":38,"column":8},"end":{"line":38,"column":31}},"15":{"start":{"line":39,"column":8},"end":{"line":39,"column":27}},"16":{"start":{"line":42,"column":8},"end":{"line":42,"column":32}},"17":{"start":{"line":43,"column":8},"end":{"line":43,"column":37}},"18":{"start":{"line":46,"column":8},"end":{"line":46,"column":32}},"19":{"start":{"line":47,"column":8},"end":{"line":47,"column":71}},"20":{"start":{"line":52,"column":15},"end":{"line":52,"column":63}},"21":{"start":{"line":54,"column":0},"end":{"line":54,"column":41}}},"fnMap":{"0":{"name":"(anonymous_13)","decl":{"start":{"line":7,"column":2},"end":{"line":7,"column":9}},"loc":{"start":{"line":7,"column":23},"end":{"line":11,"column":null}}},"1":{"name":"(anonymous_14)","decl":{"start":{"line":7,"column":23},"end":{"line":7,"column":null}},"loc":{"start":{"line":7,"column":23},"end":{"line":11,"column":null}}},"2":{"name":"(anonymous_16)","decl":{"start":{"line":30,"column":23},"end":{"line":30,"column":24}},"loc":{"start":{"line":30,"column":29},"end":{"line":33,"column":5}}},"3":{"name":"(anonymous_17)","decl":{"start":{"line":35,"column":17},"end":{"line":35,"column":18}},"loc":{"start":{"line":35,"column":25},"end":{"line":49,"column":3}}},"4":{"name":"(anonymous_18)","decl":{"start":{"line":37,"column":43},"end":{"line":37,"column":44}},"loc":{"start":{"line":37,"column":49},"end":{"line":40,"column":7}}},"5":{"name":"(anonymous_19)","decl":{"start":{"line":41,"column":45},"end":{"line":41,"column":46}},"loc":{"start":{"line":41,"column":59},"end":{"line":44,"column":7}}},"6":{"name":"(anonymous_20)","decl":{"start":{"line":45,"column":44},"end":{"line":45,"column":45}},"loc":{"start":{"line":45,"column":58},"end":{"line":48,"column":7}}}},"branchMap":{"0":{"loc":{"start":{"line":8,"column":17},"end":{"line":8,"column":null}},"type":"switch","locations":[{"start":{"line":8,"column":17},"end":{"line":8,"column":null}}]},"1":{"loc":{"start":{"line":9,"column":4},"end":{"line":9,"column":44}},"type":"if","locations":[{"start":{"line":9,"column":4},"end":{"line":9,"column":44}}]},"2":{"loc":{"start":{"line":47,"column":22},"end":{"line":47,"column":70}},"type":"binary-expr","locations":[{"start":{"line":47,"column":22},"end":{"line":47,"column":42}},{"start":{"line":47,"column":46},"end":{"line":47,"column":70}}]}},"s":{"0":0,"1":0,"2":0,"3":0,"4":0,"5":0,"6":0,"7":0,"8":0,"9":0,"10":0,"11":0,"12":0,"13":0,"14":0,"15":0,"16":0,"17":0,"18":0,"19":0,"20":0,"21":0},"f":{"0":0,"1":0,"2":0,"3":0,"4":0,"5":0,"6":0},"b":{"0":[0],"1":[0],"2":[0,0]}}
,"/Users/markvolkov/Desktop/dev/FullStack/stellar-burgers/src/services/slices/ordersSlice.ts": {"path":"/Users/markvolkov/Desktop/dev/FullStack/stellar-burgers/src/services/slices/ordersSlice.ts","statementMap":{"0":{"start":{"line":1,"column":0},"end":{"line":1,"column":65}},"1":{"start":{"line":2,"column":0},"end":{"line":2,"column":36}},"2":{"start":{"line":5,"column":13},"end":{"line":8,"column":2}},"3":{"start":{"line":16,"column":35},"end":{"line":20,"column":2}},"4":{"start":{"line":22,"column":20},"end":{"line":41,"column":2}},"5":{"start":{"line":27,"column":4},"end":{"line":39,"column":9}},"6":{"start":{"line":29,"column":8},"end":{"line":29,"column":31}},"7":{"start":{"line":30,"column":8},"end":{"line":30,"column":27}},"8":{"start":{"line":33,"column":8},"end":{"line":33,"column":32}},"9":{"start":{"line":34,"column":8},"end":{"line":34,"column":38}},"10":{"start":{"line":37,"column":8},"end":{"line":37,"column":32}},"11":{"start":{"line":38,"column":8},"end":{"line":38,"column":72}},"12":{"start":{"line":43,"column":0},"end":{"line":43,"column":35}}},"fnMap":{"0":{"name":"(anonymous_0)","decl":{"start":{"line":26,"column":17},"end":{"line":26,"column":18}},"loc":{"start":{"line":26,"column":25},"end":{"line":40,"column":3}}},"1":{"name":"(anonymous_1)","decl":{"start":{"line":28,"column":40},"end":{"line":28,"column":41}},"loc":{"start":{"line":28,"column":46},"end":{"line":31,"column":7}}},"2":{"name":"(anonymous_2)","decl":{"start":{"line":32,"column":42},"end":{"line":32,"column":43}},"loc":{"start":{"line":32,"column":56},"end":{"line":35,"column":7}}},"3":{"name":"(anonymous_3)","decl":{"start":{"line":36,"column":41},"end":{"line":36,"column":42}},"loc":{"start":{"line":36,"column":55},"end":{"line":39,"column":7}}}},"branchMap":{"0":{"loc":{"start":{"line":38,"column":22},"end":{"line":38,"column":71}},"type":"binary-expr","locations":[{"start":{"line":38,"column":22},"end":{"line":38,"column":42}},{"start":{"line":38,"column":46},"end":{"line":38,"column":71}}]}},"s":{"0":0,"1":0,"2":0,"3":0,"4":0,"5":0,"6":0,"7":0,"8":0,"9":0,"10":0,"11":0,"12":0},"f":{"0":0,"1":0,"2":0,"3":0},"b":{"0":[0,0]}}
,"/Users/markvolkov/Desktop/dev/FullStack/stellar-burgers/src/services/slices/userSlice.ts": {"path":"/Users/markvolkov/Desktop/dev/FullStack/stellar-burgers/src/services/slices/userSlice.ts","statementMap":{"0":{"start":{"line":1,"column":0},"end":{"line":1,"column":65}},"1":{"start":{"line":2,"column":0},"end":{"line":2,"column":null}},"2":{"start":{"line":11,"column":0},"end":{"line":11,"column":61}},"3":{"start":{"line":14,"column":13},"end":{"line":21,"column":2}},"4":{"start":{"line":16,"column":2},"end":{"line":20,"column":null}},"5":{"start":{"line":17,"column":17},"end":{"line":17,"column":null}},"6":{"start":{"line":17,"column":10},"end":{"line":17,"column":null}},"7":{"start":{"line":18,"column":4},"end":{"line":18,"column":39}},"8":{"start":{"line":18,"column":22},"end":{"line":18,"column":39}},"9":{"start":{"line":19,"column":4},"end":{"line":19,"column":32}},"10":{"start":{"line":23,"column":13},"end":{"line":35,"column":2}},"11":{"start":{"line":25,"column":47},"end":{"line":25,"column":49}},"12":{"start":{"line":27,"column":23},"end":{"line":27,"column":null}},"13":{"start":{"line":27,"column":12},"end":{"line":27,"column":null}},"14":{"start":{"line":28,"column":6},"end":{"line":28,"column":66}},"15":{"start":{"line":29,"column":6},"end":{"line":29,"column":53}},"16":{"start":{"line":30,"column":6},"end":{"line":30,"column":27}},"17":{"start":{"line":32,"column":6},"end":{"line":32,"column":36}},"18":{"start":{"line":37,"column":13},"end":{"line":49,"column":2}},"19":{"start":{"line":39,"column":44},"end":{"line":39,"column":46}},"20":{"start":{"line":41,"column":23},"end":{"line":41,"column":null}},"21":{"start":{"line":41,"column":12},"end":{"line":41,"column":null}},"22":{"start":{"line":42,"column":6},"end":{"line":42,"column":66}},"23":{"start":{"line":43,"column":6},"end":{"line":43,"column":53}},"24":{"start":{"line":44,"column":6},"end":{"line":44,"column":27}},"25":{"start":{"line":46,"column":6},"end":{"line":46,"column":36}},"26":{"start":{"line":51,"column":13},"end":{"line":58,"column":2}},"27":{"start":{"line":53,"column":37},"end":{"line":57,"column":null}},"28":{"start":{"line":54,"column":21},"end":{"line":54,"column":null}},"29":{"start":{"line":54,"column":10},"end":{"line":54,"column":null}},"30":{"start":{"line":55,"column":4},"end":{"line":55,"column":47}},"31":{"start":{"line":55,"column":26},"end":{"line":55,"column":47}},"32":{"start":{"line":56,"column":4},"end":{"line":56,"column":36}},"33":{"start":{"line":60,"column":13},"end":{"line":64,"column":3}},"34":{"start":{"line":60,"column":62},"end":{"line":64,"column":2}},"35":{"start":{"line":61,"column":2},"end":{"line":61,"column":20}},"36":{"start":{"line":62,"column":2},"end":{"line":62,"column":42}},"37":{"start":{"line":63,"column":2},"end":{"line":63,"column":30}},"38":{"start":{"line":73,"column":33},"end":{"line":78,"column":2}},"39":{"start":{"line":80,"column":18},"end":{"line":137,"column":2}},"40":{"start":{"line":85,"column":6},"end":{"line":85,"column":33}},"41":{"start":{"line":89,"column":4},"end":{"line":135,"column":9}},"42":{"start":{"line":91,"column":8},"end":{"line":91,"column":31}},"43":{"start":{"line":94,"column":8},"end":{"line":94,"column":32}},"44":{"start":{"line":95,"column":8},"end":{"line":95,"column":35}},"45":{"start":{"line":96,"column":8},"end":{"line":96,"column":36}},"46":{"start":{"line":99,"column":8},"end":{"line":99,"column":32}},"47":{"start":{"line":100,"column":8},"end":{"line":100,"column":35}},"48":{"start":{"line":101,"column":8},"end":{"line":101,"column":26}},"49":{"start":{"line":104,"column":8},"end":{"line":104,"column":31}},"50":{"start":{"line":105,"column":8},"end":{"line":105,"column":27}},"51":{"start":{"line":108,"column":8},"end":{"line":108,"column":32}},"52":{"start":{"line":109,"column":8},"end":{"line":109,"column":36}},"53":{"start":{"line":112,"column":8},"end":{"line":112,"column":32}},"54":{"start":{"line":113,"column":8},"end":{"line":115,"column":31}},"55":{"start":{"line":118,"column":8},"end":{"line":118,"column":31}},"56":{"start":{"line":119,"column":8},"end":{"line":119,"column":27}},"57":{"start":{"line":122,"column":8},"end":{"line":122,"column":32}},"58":{"start":{"line":123,"column":8},"end":{"line":123,"column":36}},"59":{"start":{"line":126,"column":8},"end":{"line":126,"column":32}},"60":{"start":{"line":127,"column":8},"end":{"line":128,"column":78}},"61":{"start":{"line":131,"column":8},"end":{"line":131,"column":36}},"62":{"start":{"line":134,"column":8},"end":{"line":134,"column":26}},"63":{"start":{"line":139,"column":15},"end":{"line":139,"column":52}},"64":{"start":{"line":141,"column":0},"end":{"line":141,"column":33}}},"fnMap":{"0":{"name":"(anonymous_13)","decl":{"start":{"line":16,"column":2},"end":{"line":16,"column":null}},"loc":{"start":{"line":16,"column":2},"end":{"line":20,"column":null}}},"1":{"name":"(anonymous_16)","decl":{"start":{"line":25,"column":2},"end":{"line":25,"column":9}},"loc":{"start":{"line":25,"column":49},"end":{"line":34,"column":null}}},"2":{"name":"(anonymous_19)","decl":{"start":{"line":39,"column":2},"end":{"line":39,"column":9}},"loc":{"start":{"line":39,"column":46},"end":{"line":48,"column":null}}},"3":{"name":"(anonymous_22)","decl":{"start":{"line":53,"column":2},"end":{"line":53,"column":9}},"loc":{"start":{"line":53,"column":37},"end":{"line":57,"column":null}}},"4":{"name":"(anonymous_23)","decl":{"start":{"line":53,"column":37},"end":{"line":53,"column":null}},"loc":{"start":{"line":53,"column":37},"end":{"line":57,"column":null}}},"5":{"name":"(anonymous_25)","decl":{"start":{"line":60,"column":62},"end":{"line":60,"column":null}},"loc":{"start":{"line":60,"column":62},"end":{"line":64,"column":2}}},"6":{"name":"(anonymous_28)","decl":{"start":{"line":84,"column":20},"end":{"line":84,"column":21}},"loc":{"start":{"line":84,"column":26},"end":{"line":86,"column":5}}},"7":{"name":"(anonymous_29)","decl":{"start":{"line":88,"column":17},"end":{"line":88,"column":18}},"loc":{"start":{"line":88,"column":25},"end":{"line":136,"column":3}}},"8":{"name":"(anonymous_30)","decl":{"start":{"line":90,"column":38},"end":{"line":90,"column":39}},"loc":{"start":{"line":90,"column":44},"end":{"line":92,"column":7}}},"9":{"name":"(anonymous_31)","decl":{"start":{"line":93,"column":40},"end":{"line":93,"column":41}},"loc":{"start":{"line":93,"column":54},"end":{"line":97,"column":7}}},"10":{"name":"(anonymous_32)","decl":{"start":{"line":98,"column":39},"end":{"line":98,"column":40}},"loc":{"start":{"line":98,"column":45},"end":{"line":102,"column":7}}},"11":{"name":"(anonymous_33)","decl":{"start":{"line":103,"column":37},"end":{"line":103,"column":38}},"loc":{"start":{"line":103,"column":43},"end":{"line":106,"column":7}}},"12":{"name":"(anonymous_34)","decl":{"start":{"line":107,"column":39},"end":{"line":107,"column":40}},"loc":{"start":{"line":107,"column":53},"end":{"line":110,"column":7}}},"13":{"name":"(anonymous_35)","decl":{"start":{"line":111,"column":38},"end":{"line":111,"column":39}},"loc":{"start":{"line":111,"column":52},"end":{"line":116,"column":7}}},"14":{"name":"(anonymous_36)","decl":{"start":{"line":117,"column":34},"end":{"line":117,"column":35}},"loc":{"start":{"line":117,"column":40},"end":{"line":120,"column":7}}},"15":{"name":"(anonymous_37)","decl":{"start":{"line":121,"column":36},"end":{"line":121,"column":37}},"loc":{"start":{"line":121,"column":50},"end":{"line":124,"column":7}}},"16":{"name":"(anonymous_38)","decl":{"start":{"line":125,"column":35},"end":{"line":125,"column":36}},"loc":{"start":{"line":125,"column":49},"end":{"line":129,"column":7}}},"17":{"name":"(anonymous_39)","decl":{"start":{"line":130,"column":37},"end":{"line":130,"column":38}},"loc":{"start":{"line":130,"column":51},"end":{"line":132,"column":7}}},"18":{"name":"(anonymous_40)","decl":{"start":{"line":133,"column":37},"end":{"line":133,"column":38}},"loc":{"start":{"line":133,"column":43},"end":{"line":135,"column":7}}}},"branchMap":{"0":{"loc":{"start":{"line":17,"column":17},"end":{"line":17,"column":null}},"type":"switch","locations":[{"start":{"line":17,"column":17},"end":{"line":17,"column":null}}]},"1":{"loc":{"start":{"line":18,"column":4},"end":{"line":18,"column":39}},"type":"if","locations":[{"start":{"line":18,"column":4},"end":{"line":18,"column":39}}]},"2":{"loc":{"start":{"line":54,"column":21},"end":{"line":54,"column":null}},"type":"switch","locations":[{"start":{"line":54,"column":21},"end":{"line":54,"column":null}}]},"3":{"loc":{"start":{"line":55,"column":4},"end":{"line":55,"column":47}},"type":"if","locations":[{"start":{"line":55,"column":4},"end":{"line":55,"column":47}}]},"4":{"loc":{"start":{"line":61,"column":2},"end":{"line":61,"column":20}},"type":"switch","locations":[{"start":{"line":61,"column":2},"end":{"line":61,"column":20}}]},"5":{"loc":{"start":{"line":114,"column":10},"end":{"line":115,"column":30}},"type":"binary-expr","locations":[{"start":{"line":114,"column":10},"end":{"line":114,"column":59}},{"start":{"line":115,"column":10},"end":{"line":115,"column":30}}]},"6":{"loc":{"start":{"line":114,"column":10},"end":{"line":114,"column":59}},"type":"cond-expr","locations":[{"start":{"line":114,"column":50},"end":{"line":114,"column":52}},{"start":{"line":114,"column":50},"end":{"line":114,"column":59}}]},"7":{"loc":{"start":{"line":114,"column":10},"end":{"line":114,"column":52}},"type":"binary-expr","locations":[{"start":{"line":114,"column":10},"end":{"line":114,"column":52}},{"start":{"line":114,"column":50},"end":{"line":114,"column":52}}]},"8":{"loc":{"start":{"line":128,"column":10},"end":{"line":128,"column":77}},"type":"binary-expr","locations":[{"start":{"line":128,"column":10},"end":{"line":128,"column":59}},{"start":{"line":128,"column":63},"end":{"line":128,"column":77}}]},"9":{"loc":{"start":{"line":128,"column":10},"end":{"line":128,"column":59}},"type":"cond-expr","locations":[{"start":{"line":128,"column":50},"end":{"line":128,"column":52}},{"start":{"line":128,"column":50},"end":{"line":128,"column":59}}]},"10":{"loc":{"start":{"line":128,"column":10},"end":{"line":128,"column":52}},"type":"binary-expr","locations":[{"start":{"line":128,"column":10},"end":{"line":128,"column":52}},{"start":{"line":128,"column":50},"end":{"line":128,"column":52}}]}},"s":{"0":0,"1":0,"2":0,"3":0,"4":0,"5":0,"6":0,"7":0,"8":0,"9":0,"10":0,"11":0,"12":0,"13":0,"14":0,"15":0,"16":0,"17":0,"18":0,"19":0,"20":0,"21":0,"22":0,"23":0,"24":0,"25":0,"26":0,"27":0,"28":0,"29":0,"30":0,"31":0,"32":0,"33":0,"34":0,"35":0,"36":0,"37":0,"38":0,"39":0,"40":0,"41":0,"42":0,"43":0,"44":0,"45":0,"46":0,"47":0,"48":0,"49":0,"50":0,"51":0,"52":0,"53":0,"54":0,"55":0,"56":0,"57":0,"58":0,"59":0,"60":0,"61":0,"62":0,"63":0,"64":0},"f":{"0":0,"1":0,"2":0,"3":0,"4":0,"5":0,"6":0,"7":0,"8":0,"9":0,"10":0,"11":0,"12":0,"13":0,"14":0,"15":0,"16":0,"17":0,"18":0},"b":{"0":[0],"1":[0],"2":[0],"3":[0],"4":[0],"5":[0,0],"6":[0,0],"7":[0,0],"8":[0,0],"9":[0,0],"10":[0,0]}}
}
